<?xml version="1.0" encoding="UTF-8"?>
<testng-results skipped="0" failed="0" total="1" passed="1">
  <reporter-output>
  </reporter-output>
  <suite name="Suite" duration-ms="43696" started-at="2021-02-12T20:11:55Z" finished-at="2021-02-12T20:12:39Z">
    <groups>
    </groups>
    <test name="Test" duration-ms="43696" started-at="2021-02-12T20:11:55Z" finished-at="2021-02-12T20:12:39Z">
      <class name="com.todos.tests.AddTodoTest">
        <test-method status="PASS" signature="setupTest(java.lang.String)[pri:0, instance:com.todos.tests.AddTodoTest@212bf671]" name="setupTest" is-config="true" duration-ms="33286" started-at="2021-02-12T21:11:55Z" finished-at="2021-02-12T21:12:28Z">
          <params>
            <param index="0">
              <value>
                <![CDATA[chrome]]>
              </value>
            </param>
          </params>
          <reporter-output>
          </reporter-output>
        </test-method> <!-- setupTest -->
        <test-method status="PASS" signature="iCanAddTodo()[pri:0, instance:com.todos.tests.AddTodoTest@212bf671]" name="iCanAddTodo" duration-ms="4773" started-at="2021-02-12T21:12:28Z" finished-at="2021-02-12T21:12:33Z">
          <reporter-output>
          </reporter-output>
        </test-method> <!-- iCanAddTodo -->
        <test-method status="PASS" signature="cleanTest()[pri:0, instance:com.todos.tests.AddTodoTest@212bf671]" name="cleanTest" is-config="true" duration-ms="5606" started-at="2021-02-12T21:12:33Z" finished-at="2021-02-12T21:12:39Z">
          <reporter-output>
          </reporter-output>
        </test-method> <!-- cleanTest -->
      </class> <!-- com.todos.tests.AddTodoTest -->
    </test> <!-- Test -->
  </suite> <!-- Suite -->
</testng-results>
